Determining if the pthread_create exist failed with the following output:
Change Dir: /home/kermit/dobot_QRcode_ws/build/CMakeFiles/CMakeTmp

Run Build Command:"/usr/bin/make" "cmTC_dbfd3/fast"
/usr/bin/make -f CMakeFiles/cmTC_dbfd3.dir/build.make CMakeFiles/cmTC_dbfd3.dir/build
make[1]: Entering directory '/home/kermit/dobot_QRcode_ws/build/CMakeFiles/CMakeTmp'
Building C object CMakeFiles/cmTC_dbfd3.dir/CheckSymbolExists.c.o
/usr/bin/cc    -o CMakeFiles/cmTC_dbfd3.dir/CheckSymbolExists.c.o   -c /home/kermit/dobot_QRcode_ws/build/CMakeFiles/CMakeTmp/CheckSymbolExists.c
Linking C executable cmTC_dbfd3
/usr/bin/cmake -E cmake_link_script CMakeFiles/cmTC_dbfd3.dir/link.txt --verbose=1
/usr/bin/cc      -rdynamic CMakeFiles/cmTC_dbfd3.dir/CheckSymbolExists.c.o  -o cmTC_dbfd3 
CMakeFiles/cmTC_dbfd3.dir/CheckSymbolExists.c.o: In function `main':
CheckSymbolExists.c:(.text+0x1b): undefined reference to `pthread_create'
collect2: error: ld returned 1 exit status
CMakeFiles/cmTC_dbfd3.dir/build.make:97: recipe for target 'cmTC_dbfd3' failed
make[1]: *** [cmTC_dbfd3] Error 1
make[1]: Leaving directory '/home/kermit/dobot_QRcode_ws/build/CMakeFiles/CMakeTmp'
Makefile:126: recipe for target 'cmTC_dbfd3/fast' failed
make: *** [cmTC_dbfd3/fast] Error 2

File /home/kermit/dobot_QRcode_ws/build/CMakeFiles/CMakeTmp/CheckSymbolExists.c:
/* */
#include <pthread.h>

int main(int argc, char** argv)
{
  (void)argv;
#ifndef pthread_create
  return ((int*)(&pthread_create))[argc];
#else
  (void)argc;
  return 0;
#endif
}

Determining if the function pthread_create exists in the pthreads failed with the following output:
Change Dir: /home/kermit/dobot_QRcode_ws/build/CMakeFiles/CMakeTmp

Run Build Command:"/usr/bin/make" "cmTC_3e91f/fast"
/usr/bin/make -f CMakeFiles/cmTC_3e91f.dir/build.make CMakeFiles/cmTC_3e91f.dir/build
make[1]: Entering directory '/home/kermit/dobot_QRcode_ws/build/CMakeFiles/CMakeTmp'
Building C object CMakeFiles/cmTC_3e91f.dir/CheckFunctionExists.c.o
/usr/bin/cc   -DCHECK_FUNCTION_EXISTS=pthread_create   -o CMakeFiles/cmTC_3e91f.dir/CheckFunctionExists.c.o   -c /usr/share/cmake-3.10/Modules/CheckFunctionExists.c
Linking C executable cmTC_3e91f
/usr/bin/cmake -E cmake_link_script CMakeFiles/cmTC_3e91f.dir/link.txt --verbose=1
/usr/bin/cc  -DCHECK_FUNCTION_EXISTS=pthread_create    -rdynamic CMakeFiles/cmTC_3e91f.dir/CheckFunctionExists.c.o  -o cmTC_3e91f -lpthreads 
/usr/bin/ld: cannot find -lpthreads
collect2: error: ld returned 1 exit status
CMakeFiles/cmTC_3e91f.dir/build.make:97: recipe for target 'cmTC_3e91f' failed
make[1]: *** [cmTC_3e91f] Error 1
make[1]: Leaving directory '/home/kermit/dobot_QRcode_ws/build/CMakeFiles/CMakeTmp'
Makefile:126: recipe for target 'cmTC_3e91f/fast' failed
make: *** [cmTC_3e91f/fast] Error 2


